Determining if the pthread_create exist failed with the following output:
Change Dir: /root/ShapePriors_GCPR16-master/release/CMakeFiles/CMakeTmp

Run Build Command:"/usr/bin/make" "cmTC_ee294/fast"
/usr/bin/make -f CMakeFiles/cmTC_ee294.dir/build.make CMakeFiles/cmTC_ee294.dir/build
make[1]: 进入目录“/root/ShapePriors_GCPR16-master/release/CMakeFiles/CMakeTmp”
Building C object CMakeFiles/cmTC_ee294.dir/CheckSymbolExists.c.o
/usr/bin/cc    -o CMakeFiles/cmTC_ee294.dir/CheckSymbolExists.c.o   -c /root/ShapePriors_GCPR16-master/release/CMakeFiles/CMakeTmp/CheckSymbolExists.c
Linking C executable cmTC_ee294
/usr/bin/cmake -E cmake_link_script CMakeFiles/cmTC_ee294.dir/link.txt --verbose=1
/usr/bin/cc      -rdynamic CMakeFiles/cmTC_ee294.dir/CheckSymbolExists.c.o  -o cmTC_ee294 
CMakeFiles/cmTC_ee294.dir/CheckSymbolExists.c.o：在函数‘main’中：
CheckSymbolExists.c:(.text+0x1b)：对‘pthread_create’未定义的引用
collect2: error: ld returned 1 exit status
CMakeFiles/cmTC_ee294.dir/build.make:97: recipe for target 'cmTC_ee294' failed
make[1]: *** [cmTC_ee294] Error 1
make[1]: 离开目录“/root/ShapePriors_GCPR16-master/release/CMakeFiles/CMakeTmp”
Makefile:126: recipe for target 'cmTC_ee294/fast' failed
make: *** [cmTC_ee294/fast] Error 2

File /root/ShapePriors_GCPR16-master/release/CMakeFiles/CMakeTmp/CheckSymbolExists.c:
/* */
#include <pthread.h>

int main(int argc, char** argv)
{
  (void)argv;
#ifndef pthread_create
  return ((int*)(&pthread_create))[argc];
#else
  (void)argc;
  return 0;
#endif
}

Determining if the function pthread_create exists in the pthreads failed with the following output:
Change Dir: /root/ShapePriors_GCPR16-master/release/CMakeFiles/CMakeTmp

Run Build Command:"/usr/bin/make" "cmTC_01e89/fast"
/usr/bin/make -f CMakeFiles/cmTC_01e89.dir/build.make CMakeFiles/cmTC_01e89.dir/build
make[1]: 进入目录“/root/ShapePriors_GCPR16-master/release/CMakeFiles/CMakeTmp”
Building C object CMakeFiles/cmTC_01e89.dir/CheckFunctionExists.c.o
/usr/bin/cc   -DCHECK_FUNCTION_EXISTS=pthread_create   -o CMakeFiles/cmTC_01e89.dir/CheckFunctionExists.c.o   -c /usr/share/cmake-3.10/Modules/CheckFunctionExists.c
Linking C executable cmTC_01e89
/usr/bin/cmake -E cmake_link_script CMakeFiles/cmTC_01e89.dir/link.txt --verbose=1
/usr/bin/cc  -DCHECK_FUNCTION_EXISTS=pthread_create    -rdynamic CMakeFiles/cmTC_01e89.dir/CheckFunctionExists.c.o  -o cmTC_01e89 -lpthreads 
/usr/bin/ld: 找不到 -lpthreads
collect2: error: ld returned 1 exit status
CMakeFiles/cmTC_01e89.dir/build.make:97: recipe for target 'cmTC_01e89' failed
make[1]: *** [cmTC_01e89] Error 1
make[1]: 离开目录“/root/ShapePriors_GCPR16-master/release/CMakeFiles/CMakeTmp”
Makefile:126: recipe for target 'cmTC_01e89/fast' failed
make: *** [cmTC_01e89/fast] Error 2


